<html>
<head>
<title>TestNG:  Default test</title>
<link href="../testng.css" rel="stylesheet" type="text/css" />
<link href="../my-testng.css" rel="stylesheet" type="text/css" />

<style type="text/css">
.log { display: none;} 
.stack-trace { display: none;} 
</style>
<script type="text/javascript">
<!--
function flip(e) {
  current = e.style.display;
  if (current == 'block') {
    e.style.display = 'none';
    return 0;
  }
  else {
    e.style.display = 'block';
    return 1;
  }
}

function toggleBox(szDivId, elem, msg1, msg2)
{
  var res = -1;  if (document.getElementById) {
    res = flip(document.getElementById(szDivId));
  }
  else if (document.all) {
    // this is the way old msie versions work
    res = flip(document.all[szDivId]);
  }
  if(elem) {
    if(res == 0) elem.innerHTML = msg1; else elem.innerHTML = msg2;
  }

}

function toggleAllBoxes() {
  if (document.getElementsByTagName) {
    d = document.getElementsByTagName('div');
    for (i = 0; i < d.length; i++) {
      if (d[i].className == 'log') {
        flip(d[i]);
      }
    }
  }
}

// -->
</script>

</head>
<body>
<h2 align='center'>Default test</h2><table border='1' align="center">
<tr>
<td>Tests passed/Failed/Skipped:</td><td>12/3/0</td>
</tr><tr>
<td>Started on:</td><td>Fri Sep 12 20:57:56 IST 2025</td>
</tr>
<tr><td>Total time:</td><td>136 seconds (136524 ms)</td>
</tr><tr>
<td>Included groups:</td><td></td>
</tr><tr>
<td>Excluded groups:</td><td></td>
</tr>
</table><p/>
<small><i>(Hover the method name to see the test class name)</i></small><p/>
<table width='100%' border='1' class='invocation-failed'>
<tr><td colspan='4' align='center'><b>FAILED TESTS</b></td></tr>
<tr><td><b>Test method</b></td>
<td><b>Attribute(s)</b></td>
<td width="30%"><b>Exception</b></td>
<td width="10%"><b>Time (seconds)</b></td>
<td><b>Instance</b></td>
</tr>
<tr>
<td title='com.testautomation.nopcommerce.runner.CucumberTestRunner.runScenario()'><b>runScenario</b><br>Test class: com.testautomation.nopcommerce.runner.CucumberTestRunner<br>Test method: Runs Cucumber Scenarios<br>Parameters: "Add a product to wishlist", "Wishlist, Compare and Cart"</td>
<td><div><pre>java.lang.AssertionError: Wishlist is empty expected [true] but found [false]
	at org.testng.Assert.fail(Assert.java:111)
	at org.testng.Assert.failNotEquals(Assert.java:1578)
	at org.testng.Assert.assertTrue(Assert.java:57)
	at com.testautomation.nopcommerce.steps.WishlistCompareCartSteps.wishlist_should_contain_at_least_one_item(WishlistCompareCartSteps.java:33)
	at ✽.wishlist should contain at least one item(file:///C:/Users/HEMANJALI%20MULI/Desktop/NopCommerce/Capstoneproject/src/test/resources/features/wishlist_compare_cart.feature:6)
</pre></div><a href='#' onClick='toggleBox("stack-trace2092080808", this, "Click to show all stack frames", "Click to hide stack frames")'>Click to show all stack frames</a>
<div class='stack-trace' id='stack-trace2092080808'><pre>java.lang.AssertionError: Wishlist is empty expected [true] but found [false]
	at org.testng.Assert.fail(Assert.java:111)
	at org.testng.Assert.failNotEquals(Assert.java:1578)
	at org.testng.Assert.assertTrue(Assert.java:57)
	at com.testautomation.nopcommerce.steps.WishlistCompareCartSteps.wishlist_should_contain_at_least_one_item(WishlistCompareCartSteps.java:33)
	at ✽.wishlist should contain at least one item(file:///C:/Users/HEMANJALI%20MULI/Desktop/NopCommerce/Capstoneproject/src/test/resources/features/wishlist_compare_cart.feature:6)
</pre></div></td>
<td>13</td>
<td>com.testautomation.nopcommerce.runner.CucumberTestRunner@38e79ae3</td></tr>
<tr>
<td title='com.testautomation.nopcommerce.runner.CucumberTestRunner.runScenario()'><b>runScenario</b><br>Test class: com.testautomation.nopcommerce.runner.CucumberTestRunner<br>Test method: Runs Cucumber Scenarios<br>Parameters: "Sort products by price Low to High", "Catalog navigation and product details"</td>
<td><div><pre>java.lang.Error: Unresolved compilation problem: 
	var cannot be resolved to a type

	at com.testautomation.nopcommerce.pages.CatalogPage.sortBy(CatalogPage.java:29)
	at com.testautomation.nopcommerce.steps.CatalogSteps.i_sort_products_by(CatalogSteps.java:45)
	at ✽.I sort products by &quot;Price: Low to High&quot;(file:///C:/Users/HEMANJALI%20MULI/Desktop/NopCommerce/Capstoneproject/src/test/resources/features/catalog_navigation.feature:15)
</pre></div><a href='#' onClick='toggleBox("stack-trace81705968", this, "Click to show all stack frames", "Click to hide stack frames")'>Click to show all stack frames</a>
<div class='stack-trace' id='stack-trace81705968'><pre>java.lang.Error: Unresolved compilation problem: 
	var cannot be resolved to a type

	at com.testautomation.nopcommerce.pages.CatalogPage.sortBy(CatalogPage.java:29)
	at com.testautomation.nopcommerce.steps.CatalogSteps.i_sort_products_by(CatalogSteps.java:45)
	at ✽.I sort products by &quot;Price: Low to High&quot;(file:///C:/Users/HEMANJALI%20MULI/Desktop/NopCommerce/Capstoneproject/src/test/resources/features/catalog_navigation.feature:15)
</pre></div></td>
<td>6</td>
<td>com.testautomation.nopcommerce.runner.CucumberTestRunner@38e79ae3</td></tr>
<tr>
<td title='com.testautomation.nopcommerce.runner.CucumberTestRunner.runScenario()'><b>runScenario</b><br>Test class: com.testautomation.nopcommerce.runner.CucumberTestRunner<br>Test method: Runs Cucumber Scenarios<br>Parameters: "Remove a product from the cart", "Wishlist, Compare and Cart"</td>
<td><div><pre>org.openqa.selenium.TimeoutException: Expected condition failed: waiting for element to be clickable: By.linkText: Shopping cart (tried for 10 second(s) with 500 milliseconds interval)
Build info: version: &apos;4.24.0&apos;, revision: &apos;748ffc9bc3&apos;
System info: os.name: &apos;Windows 11&apos;, os.arch: &apos;amd64&apos;, os.version: &apos;10.0&apos;, java.version: &apos;21.0.7&apos;
Driver info: org.openqa.selenium.chrome.ChromeDriver
Capabilities {acceptInsecureCerts: false, browserName: chrome, browserVersion: 139.0.7258.155, chrome: {chromedriverVersion: 139.0.7258.154 (9e0d6b2b47f..., userDataDir: C:\Users\HEMANJ~1\AppData\L...}, fedcm:accounts: true, goog:chromeOptions: {debuggerAddress: localhost:63358}, networkConnectionEnabled: false, pageLoadStrategy: eager, platformName: windows, proxy: Proxy(), se:cdp: ws://localhost:63358/devtoo..., se:cdpVersion: 139.0.7258.155, setWindowRect: true, strictFileInteractability: false, timeouts: {implicit: 0, pageLoad: 300000, script: 30000}, unhandledPromptBehavior: dismiss and notify, webauthn:extension:credBlob: true, webauthn:extension:largeBlob: true, webauthn:extension:minPinLength: true, webauthn:extension:prf: true, webauthn:virtualAuthenticators: true}
Session ID: 2e15a88dea7c03ef9e4b5b10b005e49e
	at org.openqa.selenium.support.ui.WebDriverWait.timeoutException(WebDriverWait.java:84)
	at org.openqa.selenium.support.ui.FluentWait.until(FluentWait.java:228)
	at com.testautomation.nopcommerce.pages.BasePage.click(BasePage.java:27)
	at com.testautomation.nopcommerce.pages.HomePage.openCart(HomePage.java:116)
	at com.testautomation.nopcommerce.steps.WishlistCompareCartSteps.i_remove_the_first_item_from_the_cart(WishlistCompareCartSteps.java:63)
	at ✽.I remove the first item from the cart(file:///C:/Users/HEMANJALI%20MULI/Desktop/NopCommerce/Capstoneproject/src/test/resources/features/wishlist_compare_cart.feature:17)
</pre></div><a href='#' onClick='toggleBox("stack-trace365880880", this, "Click to show all stack frames", "Click to hide stack frames")'>Click to show all stack frames</a>
<div class='stack-trace' id='stack-trace365880880'><pre>org.openqa.selenium.TimeoutException: Expected condition failed: waiting for element to be clickable: By.linkText: Shopping cart (tried for 10 second(s) with 500 milliseconds interval)
Build info: version: &apos;4.24.0&apos;, revision: &apos;748ffc9bc3&apos;
System info: os.name: &apos;Windows 11&apos;, os.arch: &apos;amd64&apos;, os.version: &apos;10.0&apos;, java.version: &apos;21.0.7&apos;
Driver info: org.openqa.selenium.chrome.ChromeDriver
Capabilities {acceptInsecureCerts: false, browserName: chrome, browserVersion: 139.0.7258.155, chrome: {chromedriverVersion: 139.0.7258.154 (9e0d6b2b47f..., userDataDir: C:\Users\HEMANJ~1\AppData\L...}, fedcm:accounts: true, goog:chromeOptions: {debuggerAddress: localhost:63358}, networkConnectionEnabled: false, pageLoadStrategy: eager, platformName: windows, proxy: Proxy(), se:cdp: ws://localhost:63358/devtoo..., se:cdpVersion: 139.0.7258.155, setWindowRect: true, strictFileInteractability: false, timeouts: {implicit: 0, pageLoad: 300000, script: 30000}, unhandledPromptBehavior: dismiss and notify, webauthn:extension:credBlob: true, webauthn:extension:largeBlob: true, webauthn:extension:minPinLength: true, webauthn:extension:prf: true, webauthn:virtualAuthenticators: true}
Session ID: 2e15a88dea7c03ef9e4b5b10b005e49e
	at org.openqa.selenium.support.ui.WebDriverWait.timeoutException(WebDriverWait.java:84)
	at org.openqa.selenium.support.ui.FluentWait.until(FluentWait.java:228)
	at com.testautomation.nopcommerce.pages.BasePage.click(BasePage.java:27)
	at com.testautomation.nopcommerce.pages.HomePage.openCart(HomePage.java:116)
	at com.testautomation.nopcommerce.steps.WishlistCompareCartSteps.i_remove_the_first_item_from_the_cart(WishlistCompareCartSteps.java:63)
	at ✽.I remove the first item from the cart(file:///C:/Users/HEMANJALI%20MULI/Desktop/NopCommerce/Capstoneproject/src/test/resources/features/wishlist_compare_cart.feature:17)
</pre></div></td>
<td>13</td>
<td>com.testautomation.nopcommerce.runner.CucumberTestRunner@38e79ae3</td></tr>
</table><p>
<table width='100%' border='1' class='invocation-passed'>
<tr><td colspan='4' align='center'><b>PASSED TESTS</b></td></tr>
<tr><td><b>Test method</b></td>
<td><b>Attribute(s)</b></td>
<td width="30%"><b>Exception</b></td>
<td width="10%"><b>Time (seconds)</b></td>
<td><b>Instance</b></td>
</tr>
<tr>
<td title='com.testautomation.nopcommerce.runner.CucumberTestRunner.runScenario()'><b>runScenario</b><br>Test class: com.testautomation.nopcommerce.runner.CucumberTestRunner<br>Test method: Runs Cucumber Scenarios<br>Parameters: "Search shows results", "Search & Currency"</td>
<td></td>
<td>4</td>
<td>com.testautomation.nopcommerce.runner.CucumberTestRunner@38e79ae3</td></tr>
<tr>
<td title='com.testautomation.nopcommerce.runner.CucumberTestRunner.runScenario()'><b>runScenario</b><br>Test class: com.testautomation.nopcommerce.runner.CucumberTestRunner<br>Test method: Runs Cucumber Scenarios<br>Parameters: "Open Sitemap page", "Footer links"</td>
<td></td>
<td>5</td>
<td>com.testautomation.nopcommerce.runner.CucumberTestRunner@38e79ae3</td></tr>
<tr>
<td title='com.testautomation.nopcommerce.runner.CucumberTestRunner.runScenario()'><b>runScenario</b><br>Test class: com.testautomation.nopcommerce.runner.CucumberTestRunner<br>Test method: Runs Cucumber Scenarios<br>Parameters: "Navigate to Notebooks category", "Catalog navigation and product details"</td>
<td></td>
<td>9</td>
<td>com.testautomation.nopcommerce.runner.CucumberTestRunner@38e79ae3</td></tr>
<tr>
<td title='com.testautomation.nopcommerce.runner.CucumberTestRunner.runScenario()'><b>runScenario</b><br>Test class: com.testautomation.nopcommerce.runner.CucumberTestRunner<br>Test method: Runs Cucumber Scenarios<br>Parameters: "Change currency to Euro", "Search & Currency"</td>
<td></td>
<td>4</td>
<td>com.testautomation.nopcommerce.runner.CucumberTestRunner@38e79ae3</td></tr>
<tr>
<td title='com.testautomation.nopcommerce.runner.CucumberTestRunner.runScenario()'><b>runScenario</b><br>Test class: com.testautomation.nopcommerce.runner.CucumberTestRunner<br>Test method: Runs Cucumber Scenarios<br>Parameters: "Add a product to compare list", "Wishlist, Compare and Cart"</td>
<td></td>
<td>13</td>
<td>com.testautomation.nopcommerce.runner.CucumberTestRunner@38e79ae3</td></tr>
<tr>
<td title='com.testautomation.nopcommerce.runner.CucumberTestRunner.runScenario()'><b>runScenario</b><br>Test class: com.testautomation.nopcommerce.runner.CucumberTestRunner<br>Test method: Runs Cucumber Scenarios<br>Parameters: "Register a new user then login back", "Register and Login"</td>
<td></td>
<td>21</td>
<td>com.testautomation.nopcommerce.runner.CucumberTestRunner@38e79ae3</td></tr>
<tr>
<td title='com.testautomation.nopcommerce.runner.CucumberTestRunner.runScenario()'><b>runScenario</b><br>Test class: com.testautomation.nopcommerce.runner.CucumberTestRunner<br>Test method: Runs Cucumber Scenarios<br>Parameters: "Open demo store home page", "Home page smoke"</td>
<td></td>
<td>3</td>
<td>com.testautomation.nopcommerce.runner.CucumberTestRunner@38e79ae3</td></tr>
<tr>
<td title='com.testautomation.nopcommerce.runner.CucumberTestRunner.runScenario()'><b>runScenario</b><br>Test class: com.testautomation.nopcommerce.runner.CucumberTestRunner<br>Test method: Runs Cucumber Scenarios<br>Parameters: "Newsletter subscription with random email", "Newsletter & Contact-us"</td>
<td></td>
<td>5</td>
<td>com.testautomation.nopcommerce.runner.CucumberTestRunner@38e79ae3</td></tr>
<tr>
<td title='com.testautomation.nopcommerce.runner.CucumberTestRunner.runScenario()'><b>runScenario</b><br>Test class: com.testautomation.nopcommerce.runner.CucumberTestRunner<br>Test method: Runs Cucumber Scenarios<br>Parameters: "Submit Contact Us enquiry", "Newsletter & Contact-us"</td>
<td></td>
<td>6</td>
<td>com.testautomation.nopcommerce.runner.CucumberTestRunner@38e79ae3</td></tr>
<tr>
<td title='com.testautomation.nopcommerce.runner.CucumberTestRunner.runScenario()'><b>runScenario</b><br>Test class: com.testautomation.nopcommerce.runner.CucumberTestRunner<br>Test method: Runs Cucumber Scenarios<br>Parameters: "Open Privacy notice page", "Footer links"</td>
<td></td>
<td>4</td>
<td>com.testautomation.nopcommerce.runner.CucumberTestRunner@38e79ae3</td></tr>
<tr>
<td title='com.testautomation.nopcommerce.runner.CucumberTestRunner.runScenario()'><b>runScenario</b><br>Test class: com.testautomation.nopcommerce.runner.CucumberTestRunner<br>Test method: Runs Cucumber Scenarios<br>Parameters: "Open first product details", "Catalog navigation and product details"</td>
<td></td>
<td>10</td>
<td>com.testautomation.nopcommerce.runner.CucumberTestRunner@38e79ae3</td></tr>
<tr>
<td title='com.testautomation.nopcommerce.runner.CucumberTestRunner.runScenario()'><b>runScenario</b><br>Test class: com.testautomation.nopcommerce.runner.CucumberTestRunner<br>Test method: Runs Cucumber Scenarios<br>Parameters: "Add a product to cart", "Wishlist, Compare and Cart"</td>
<td></td>
<td>11</td>
<td>com.testautomation.nopcommerce.runner.CucumberTestRunner@38e79ae3</td></tr>
</table><p>
</body>
</html>