<?xml version="1.0" encoding="UTF-8"?>
<!-- Generated by org.testng.reporters.JUnitReportReporter -->
<testsuite hostname="Hemanjali" failures="1" tests="15" name="com.testautomation.nopcommerce.runner.CucumberTestRunner" time="134.103" errors="2" timestamp="2025-09-12T21:00:13 IST" skipped="0">
  <testcase classname="com.testautomation.nopcommerce.runner.CucumberTestRunner" name="runScenario" time="4.326"/>
  <testcase classname="com.testautomation.nopcommerce.runner.CucumberTestRunner" name="runScenario" time="5.018"/>
  <testcase classname="com.testautomation.nopcommerce.runner.CucumberTestRunner" name="runScenario" time="9.939"/>
  <testcase classname="com.testautomation.nopcommerce.runner.CucumberTestRunner" name="runScenario" time="4.435"/>
  <testcase classname="com.testautomation.nopcommerce.runner.CucumberTestRunner" name="runScenario" time="13.686"/>
  <testcase classname="com.testautomation.nopcommerce.runner.CucumberTestRunner" name="runScenario" time="21.466"/>
  <testcase classname="com.testautomation.nopcommerce.runner.CucumberTestRunner" name="runScenario" time="3.690"/>
  <testcase classname="com.testautomation.nopcommerce.runner.CucumberTestRunner" name="runScenario" time="6.488">
    <error message="Unresolved compilation problem: 
	var cannot be resolved to a type
" type="java.lang.Error">
      <![CDATA[java.lang.Error: Unresolved compilation problem: 
var cannot be resolved to a type

at com.testautomation.nopcommerce.pages.CatalogPage.sortBy(CatalogPage.java:29)
at com.testautomation.nopcommerce.steps.CatalogSteps.i_sort_products_by(CatalogSteps.java:45)
at ✽.I sort products by "Price: Low to High"(file:///C:/Users/HEMANJALI%20MULI/Desktop/NopCommerce/Capstoneproject/src/test/resources/features/catalog_navigation.feature:15)
]]>
    </error>
  </testcase> <!-- runScenario -->
  <testcase classname="com.testautomation.nopcommerce.runner.CucumberTestRunner" name="runScenario" time="5.574"/>
  <testcase classname="com.testautomation.nopcommerce.runner.CucumberTestRunner" name="runScenario" time="6.626"/>
  <testcase classname="com.testautomation.nopcommerce.runner.CucumberTestRunner" name="runScenario" time="4.050"/>
  <testcase classname="com.testautomation.nopcommerce.runner.CucumberTestRunner" name="runScenario" time="10.156"/>
  <testcase classname="com.testautomation.nopcommerce.runner.CucumberTestRunner" name="runScenario" time="13.413">
    <failure message="Wishlist is empty expected [true] but found [false]" type="java.lang.AssertionError">
      <![CDATA[java.lang.AssertionError: Wishlist is empty expected [true] but found [false]
at org.testng.Assert.fail(Assert.java:111)
at org.testng.Assert.failNotEquals(Assert.java:1578)
at org.testng.Assert.assertTrue(Assert.java:57)
at com.testautomation.nopcommerce.steps.WishlistCompareCartSteps.wishlist_should_contain_at_least_one_item(WishlistCompareCartSteps.java:33)
at ✽.wishlist should contain at least one item(file:///C:/Users/HEMANJALI%20MULI/Desktop/NopCommerce/Capstoneproject/src/test/resources/features/wishlist_compare_cart.feature:6)
]]>
    </failure>
  </testcase> <!-- runScenario -->
  <testcase classname="com.testautomation.nopcommerce.runner.CucumberTestRunner" name="runScenario" time="11.956"/>
  <testcase classname="com.testautomation.nopcommerce.runner.CucumberTestRunner" name="runScenario" time="13.280">
    <error message="Expected condition failed: waiting for element to be clickable: By.linkText: Shopping cart (tried for 10 second(s) with 500 milliseconds interval)
Build info: version: &#039;4.24.0&#039;, revision: &#039;748ffc9bc3&#039;
System info: os.name: &#039;Windows 11&#039;, os.arch: &#039;amd64&#039;, os.version: &#039;10.0&#039;, java.version: &#039;21.0.7&#039;
Driver info: org.openqa.selenium.chrome.ChromeDriver
Capabilities {acceptInsecureCerts: false, browserName: chrome, browserVersion: 139.0.7258.155, chrome: {chromedriverVersion: 139.0.7258.154 (9e0d6b2b47f..., userDataDir: C:\Users\HEMANJ~1\AppData\L...}, fedcm:accounts: true, goog:chromeOptions: {debuggerAddress: localhost:63358}, networkConnectionEnabled: false, pageLoadStrategy: eager, platformName: windows, proxy: Proxy(), se:cdp: ws://localhost:63358/devtoo..., se:cdpVersion: 139.0.7258.155, setWindowRect: true, strictFileInteractability: false, timeouts: {implicit: 0, pageLoad: 300000, script: 30000}, unhandledPromptBehavior: dismiss and notify, webauthn:extension:credBlob: true, webauthn:extension:largeBlob: true, webauthn:extension:minPinLength: true, webauthn:extension:prf: true, webauthn:virtualAuthenticators: true}
Session ID: 2e15a88dea7c03ef9e4b5b10b005e49e" type="org.openqa.selenium.TimeoutException">
      <![CDATA[org.openqa.selenium.TimeoutException: Expected condition failed: waiting for element to be clickable: By.linkText: Shopping cart (tried for 10 second(s) with 500 milliseconds interval)
Build info: version: '4.24.0', revision: '748ffc9bc3'
System info: os.name: 'Windows 11', os.arch: 'amd64', os.version: '10.0', java.version: '21.0.7'
Driver info: org.openqa.selenium.chrome.ChromeDriver
Capabilities {acceptInsecureCerts: false, browserName: chrome, browserVersion: 139.0.7258.155, chrome: {chromedriverVersion: 139.0.7258.154 (9e0d6b2b47f..., userDataDir: C:\Users\HEMANJ~1\AppData\L...}, fedcm:accounts: true, goog:chromeOptions: {debuggerAddress: localhost:63358}, networkConnectionEnabled: false, pageLoadStrategy: eager, platformName: windows, proxy: Proxy(), se:cdp: ws://localhost:63358/devtoo..., se:cdpVersion: 139.0.7258.155, setWindowRect: true, strictFileInteractability: false, timeouts: {implicit: 0, pageLoad: 300000, script: 30000}, unhandledPromptBehavior: dismiss and notify, webauthn:extension:credBlob: true, webauthn:extension:largeBlob: true, webauthn:extension:minPinLength: true, webauthn:extension:prf: true, webauthn:virtualAuthenticators: true}
Session ID: 2e15a88dea7c03ef9e4b5b10b005e49e
at org.openqa.selenium.support.ui.WebDriverWait.timeoutException(WebDriverWait.java:84)
at org.openqa.selenium.support.ui.FluentWait.until(FluentWait.java:228)
at com.testautomation.nopcommerce.pages.BasePage.click(BasePage.java:27)
at com.testautomation.nopcommerce.pages.HomePage.openCart(HomePage.java:116)
at com.testautomation.nopcommerce.steps.WishlistCompareCartSteps.i_remove_the_first_item_from_the_cart(WishlistCompareCartSteps.java:63)
at ✽.I remove the first item from the cart(file:///C:/Users/HEMANJALI%20MULI/Desktop/NopCommerce/Capstoneproject/src/test/resources/features/wishlist_compare_cart.feature:17)
]]>
    </error>
  </testcase> <!-- runScenario -->
</testsuite> <!-- com.testautomation.nopcommerce.runner.CucumberTestRunner -->
