<?xml version="1.0" encoding="UTF-8"?>
<!-- Generated by org.testng.reporters.JUnitXMLReporter -->
<testsuite ignored="12" hostname="Hemanjali" failures="6" tests="10" name="Functional Tests" time="233.331" errors="0" timestamp="2025-09-12T20:05:01 IST">
  <testcase classname="tests.LoginTest" name="loginTestBlankCredentials" time="6.913"/>
  <testcase classname="tests.LoginTest" name="loginTestInvalidEmail" time="27.282"/>
  <testcase classname="tests.LoginTest" name="loginTestInvalidPassword" time="27.153"/>
  <testcase classname="tests.LoginTest" name="loginTestValidCredentials" time="26.648">
    <failure type="java.lang.AssertionError" message="Login failed: Login was unsuccessful. Please correct the errors and try again.
No customer account found expected [false] but found [true]">
      <![CDATA[java.lang.AssertionError: Login failed: Login was unsuccessful. Please correct the errors and try again.
No customer account found expected [false] but found [true]
at tests.LoginTest.loginTestValidCredentials(LoginTest.java:29)
at java.base/java.util.ArrayList.forEach(ArrayList.java:1596)
... Removed 28 stack frames]]>
    </failure>
  </testcase> <!-- loginTestValidCredentials -->
  <testcase classname="tests.RegisterTest" name="registerNewUser" time="22.983"/>
  <testcase classname="tests.AddressTest" name="addNewAddress" time="18.35">
    <failure type="java.lang.AssertionError" message="Login failed! expected [true] but found [false]">
      <![CDATA[java.lang.AssertionError: Login failed! expected [true] but found [false]
at tests.AddressTest.addNewAddress(AddressTest.java:24)
at java.base/java.util.ArrayList.forEach(ArrayList.java:1596)
... Removed 28 stack frames]]>
    </failure>
  </testcase> <!-- addNewAddress -->
  <testcase classname="tests.CartTest" name="cartTest" time="18.62">
    <failure type="java.lang.AssertionError" message="Login failed! expected [true] but found [false]">
      <![CDATA[java.lang.AssertionError: Login failed! expected [true] but found [false]
at tests.CartTest.cartTest(CartTest.java:25)
at java.base/java.util.ArrayList.forEach(ArrayList.java:1596)
... Removed 28 stack frames]]>
    </failure>
  </testcase> <!-- cartTest -->
  <testcase classname="tests.CheckoutTest" name="cartTest" time="17.326">
    <failure type="java.lang.AssertionError" message="Login failed! expected [true] but found [false]">
      <![CDATA[java.lang.AssertionError: Login failed! expected [true] but found [false]
at tests.CheckoutTest.cartTest(CheckoutTest.java:26)
at java.base/java.util.ArrayList.forEach(ArrayList.java:1596)
... Removed 28 stack frames]]>
    </failure>
  </testcase> <!-- cartTest -->
  <testcase classname="tests.ChangePasswordTest" name="PasswordTest" time="16.845">
    <failure type="java.lang.AssertionError" message="Login failed! expected [true] but found [false]">
      <![CDATA[java.lang.AssertionError: Login failed! expected [true] but found [false]
at tests.ChangePasswordTest.PasswordTest(ChangePasswordTest.java:25)
at java.base/java.util.ArrayList.forEach(ArrayList.java:1596)
... Removed 28 stack frames]]>
    </failure>
  </testcase> <!-- PasswordTest -->
  <testcase classname="tests.ProductSearchTest" name="loginTest" time="16.547">
    <failure type="java.lang.AssertionError" message="Login failed! expected [true] but found [false]">
      <![CDATA[java.lang.AssertionError: Login failed! expected [true] but found [false]
at tests.ProductSearchTest.loginTest(ProductSearchTest.java:26)
at java.base/java.util.ArrayList.forEach(ArrayList.java:1596)
... Removed 28 stack frames]]>
    </failure>
  </testcase> <!-- loginTest -->
  <testcase classname="core.BaseTest" name="@BeforeSuite setupReport" time="0.0">
    <ignored/>
  </testcase> <!-- @BeforeSuite setupReport -->
  <testcase classname="core.BaseTest" name="@AfterSuite tearDownReport" time="0.0">
    <ignored/>
  </testcase> <!-- @AfterSuite tearDownReport -->
  <testcase classname="core.BaseTest" name="@BeforeSuite setupReport" time="0.0">
    <ignored/>
  </testcase> <!-- @BeforeSuite setupReport -->
  <testcase classname="core.BaseTest" name="@BeforeSuite setupReport" time="0.0">
    <ignored/>
  </testcase> <!-- @BeforeSuite setupReport -->
  <testcase classname="core.BaseTest" name="@BeforeSuite setupReport" time="0.0">
    <ignored/>
  </testcase> <!-- @BeforeSuite setupReport -->
  <testcase classname="core.BaseTest" name="@AfterSuite tearDownReport" time="0.0">
    <ignored/>
  </testcase> <!-- @AfterSuite tearDownReport -->
  <testcase classname="core.BaseTest" name="@BeforeSuite setupReport" time="0.0">
    <ignored/>
  </testcase> <!-- @BeforeSuite setupReport -->
  <testcase classname="core.BaseTest" name="@AfterSuite tearDownReport" time="0.0">
    <ignored/>
  </testcase> <!-- @AfterSuite tearDownReport -->
  <testcase classname="core.BaseTest" name="@AfterSuite tearDownReport" time="0.0">
    <ignored/>
  </testcase> <!-- @AfterSuite tearDownReport -->
  <testcase classname="core.BaseTest" name="@BeforeSuite setupReport" time="0.0">
    <ignored/>
  </testcase> <!-- @BeforeSuite setupReport -->
  <testcase classname="core.BaseTest" name="@AfterSuite tearDownReport" time="0.0">
    <ignored/>
  </testcase> <!-- @AfterSuite tearDownReport -->
  <testcase classname="core.BaseTest" name="@AfterSuite tearDownReport" time="0.0">
    <ignored/>
  </testcase> <!-- @AfterSuite tearDownReport -->
</testsuite> <!-- Functional Tests -->
